
SQL*Loader: Release 11.2.0.1.0 - Production on Sat Mar 30 09:24:10 2019

Copyright (c) 1982, 2009, Oracle and/or its affiliates.  All rights reserved.

Control File:   C:\Users\lakho\Desktop\DBSProject\load.ctl
Data File:      C:\Users\lakho\Desktop\DBSproject\pincode.csv
  Bad File:     C:\Users\lakho\Desktop\DBSProject\pincode.bad
  Discard File:  none specified
 
 (Allow all discards)

Number to load: ALL
Number to skip: 0
Errors allowed: 50
Bind array:     64 rows, maximum of 256000 bytes
Continuation:    none specified
Path used:      Conventional

Table AREA, loaded from every logical record.
Insert option in effect for this table: INSERT

   Column Name                  Position   Len  Term Encl Datatype
------------------------------ ---------- ----- ---- ---- ---------------------
AREA_NAME                           FIRST     *   ,       CHARACTER            
AREA_ID                              NEXT     *   ,       CHARACTER            

Record 5: Rejected - Error on table AREA, column AREA_ID.
Column not found before end of logical record (use TRAILING NULLCOLS)
Record 7: Rejected - Error on table AREA, column AREA_ID.
Column not found before end of logical record (use TRAILING NULLCOLS)
Record 9: Rejected - Error on table AREA, column AREA_ID.
Column not found before end of logical record (use TRAILING NULLCOLS)
Record 11: Rejected - Error on table AREA, column AREA_ID.
Column not found before end of logical record (use TRAILING NULLCOLS)
Record 13: Rejected - Error on table AREA, column AREA_ID.
Column not found before end of logical record (use TRAILING NULLCOLS)
Record 15: Rejected - Error on table AREA, column AREA_ID.
Column not found before end of logical record (use TRAILING NULLCOLS)
Record 16: Rejected - Error on table AREA, column AREA_ID.
Column not found before end of logical record (use TRAILING NULLCOLS)
Record 17: Rejected - Error on table AREA, column AREA_ID.
Column not found before end of logical record (use TRAILING NULLCOLS)
Record 19: Rejected - Error on table AREA, column AREA_ID.
Column not found before end of logical record (use TRAILING NULLCOLS)
Record 21: Rejected - Error on table AREA, column AREA_ID.
Column not found before end of logical record (use TRAILING NULLCOLS)
Record 23: Rejected - Error on table AREA, column AREA_ID.
Column not found before end of logical record (use TRAILING NULLCOLS)
Record 25: Rejected - Error on table AREA, column AREA_ID.
Column not found before end of logical record (use TRAILING NULLCOLS)
Record 27: Rejected - Error on table AREA, column AREA_ID.
Column not found before end of logical record (use TRAILING NULLCOLS)
Record 29: Rejected - Error on table AREA, column AREA_ID.
Column not found before end of logical record (use TRAILING NULLCOLS)
Record 31: Rejected - Error on table AREA, column AREA_ID.
Column not found before end of logical record (use TRAILING NULLCOLS)
Record 33: Rejected - Error on table AREA, column AREA_ID.
Column not found before end of logical record (use TRAILING NULLCOLS)
Record 34: Rejected - Error on table AREA, column AREA_ID.
Column not found before end of logical record (use TRAILING NULLCOLS)
Record 35: Rejected - Error on table AREA, column AREA_ID.
Column not found before end of logical record (use TRAILING NULLCOLS)
Record 37: Rejected - Error on table AREA, column AREA_ID.
Column not found before end of logical record (use TRAILING NULLCOLS)
Record 39: Rejected - Error on table AREA, column AREA_ID.
Column not found before end of logical record (use TRAILING NULLCOLS)
Record 41: Rejected - Error on table AREA, column AREA_ID.
Column not found before end of logical record (use TRAILING NULLCOLS)
Record 43: Rejected - Error on table AREA, column AREA_ID.
Column not found before end of logical record (use TRAILING NULLCOLS)
Record 45: Rejected - Error on table AREA, column AREA_ID.
Column not found before end of logical record (use TRAILING NULLCOLS)
Record 47: Rejected - Error on table AREA, column AREA_ID.
Column not found before end of logical record (use TRAILING NULLCOLS)
Record 49: Rejected - Error on table AREA, column AREA_ID.
Column not found before end of logical record (use TRAILING NULLCOLS)
Record 51: Rejected - Error on table AREA, column AREA_ID.
Column not found before end of logical record (use TRAILING NULLCOLS)
Record 53: Rejected - Error on table AREA, column AREA_ID.
Column not found before end of logical record (use TRAILING NULLCOLS)
Record 55: Rejected - Error on table AREA, column AREA_ID.
Column not found before end of logical record (use TRAILING NULLCOLS)
Record 57: Rejected - Error on table AREA, column AREA_ID.
Column not found before end of logical record (use TRAILING NULLCOLS)
Record 59: Rejected - Error on table AREA, column AREA_ID.
Column not found before end of logical record (use TRAILING NULLCOLS)
Record 61: Rejected - Error on table AREA, column AREA_ID.
Column not found before end of logical record (use TRAILING NULLCOLS)
Record 63: Rejected - Error on table AREA, column AREA_ID.
Column not found before end of logical record (use TRAILING NULLCOLS)
Record 65: Rejected - Error on table AREA, column AREA_ID.
Column not found before end of logical record (use TRAILING NULLCOLS)
Record 67: Rejected - Error on table AREA, column AREA_ID.
Column not found before end of logical record (use TRAILING NULLCOLS)
Record 69: Rejected - Error on table AREA, column AREA_ID.
Column not found before end of logical record (use TRAILING NULLCOLS)
Record 71: Rejected - Error on table AREA, column AREA_ID.
Column not found before end of logical record (use TRAILING NULLCOLS)
Record 73: Rejected - Error on table AREA, column AREA_ID.
Column not found before end of logical record (use TRAILING NULLCOLS)
Record 75: Rejected - Error on table AREA, column AREA_ID.
Column not found before end of logical record (use TRAILING NULLCOLS)
Record 77: Rejected - Error on table AREA, column AREA_ID.
Column not found before end of logical record (use TRAILING NULLCOLS)
Record 79: Rejected - Error on table AREA, column AREA_ID.
Column not found before end of logical record (use TRAILING NULLCOLS)
Record 81: Rejected - Error on table AREA, column AREA_ID.
Column not found before end of logical record (use TRAILING NULLCOLS)
Record 83: Rejected - Error on table AREA, column AREA_ID.
Column not found before end of logical record (use TRAILING NULLCOLS)
Record 85: Rejected - Error on table AREA, column AREA_ID.
Column not found before end of logical record (use TRAILING NULLCOLS)
Record 87: Rejected - Error on table AREA, column AREA_ID.
Column not found before end of logical record (use TRAILING NULLCOLS)
Record 89: Rejected - Error on table AREA, column AREA_ID.
Column not found before end of logical record (use TRAILING NULLCOLS)
Record 91: Rejected - Error on table AREA, column AREA_ID.
Column not found before end of logical record (use TRAILING NULLCOLS)
Record 93: Rejected - Error on table AREA, column AREA_ID.
Column not found before end of logical record (use TRAILING NULLCOLS)
Record 95: Rejected - Error on table AREA, column AREA_ID.
Column not found before end of logical record (use TRAILING NULLCOLS)
Record 97: Rejected - Error on table AREA, column AREA_ID.
Column not found before end of logical record (use TRAILING NULLCOLS)
Record 99: Rejected - Error on table AREA, column AREA_ID.
Column not found before end of logical record (use TRAILING NULLCOLS)
Record 101: Rejected - Error on table AREA, column AREA_ID.
Column not found before end of logical record (use TRAILING NULLCOLS)
Record 66: Rejected - Error on table AREA.
ORA-00001: unique constraint (SYSTEM.SYS_C0012186) violated


MAXIMUM ERROR COUNT EXCEEDED - Above statistics reflect partial run.

Table AREA:
  32 Rows successfully loaded.
  52 Rows not loaded due to data errors.
  0 Rows not loaded because all WHEN clauses were failed.
  0 Rows not loaded because all fields were null.


Space allocated for bind array:                  33024 bytes(64 rows)
Read   buffer bytes: 1048576

Total logical records skipped:          0
Total logical records read:           101
Total logical records rejected:        52
Total logical records discarded:        0

Run began on Sat Mar 30 09:24:10 2019
Run ended on Sat Mar 30 09:24:13 2019

Elapsed time was:     00:00:02.82
CPU time was:         00:00:00.03
